2018-09-05 05:14:09,410 [Worker-4] INFO  c.g.t.t.d.PublishedGradleVersions - Gradle version information cache is up-to-date. Trying to read.
2018-09-05 05:14:39,141 [Worker-11] INFO  o.e.m.c.i.l.LifecycleMappingFactory - Using org.maven.ide.eclipse.wtp.WarLifecycleMapping lifecycle mapping for MavenProject: com.Shakthi:delivery:0.0.1-SNAPSHOT @ C:\Users\My-pc\Desktop\shakthi sftware\delivery\pom.xml.
2018-09-05 05:14:39,141 [Worker-9] INFO  o.e.m.c.i.l.LifecycleMappingFactory - Using org.maven.ide.eclipse.wtp.WarLifecycleMapping lifecycle mapping for MavenProject: com.Shakthi:delivery:0.0.1-SNAPSHOT @ C:\Users\My-pc\Desktop\shakthi sftware\delivery\pom.xml.
2018-09-05 05:14:41,719 [Worker-9] WARN  o.e.m.c.i.embedder.EclipseLogger - Using platform encoding (Cp1252 actually) to copy filtered resources, i.e. build is platform dependent!
2018-09-05 05:14:41,737 [Worker-9] INFO  o.e.m.c.i.embedder.EclipseLogger - Copying 5 resources
2018-09-05 05:14:41,781 [Worker-9] WARN  o.e.m.c.i.embedder.EclipseLogger - Using platform encoding (Cp1252 actually) to copy filtered resources, i.e. build is platform dependent!
2018-09-05 05:14:41,919 [Worker-9] INFO  o.e.m.c.i.embedder.EclipseLogger - skip non existing resourceDirectory C:\Users\My-pc\Desktop\shakthi sftware\delivery\src\test\resources
2018-09-05 05:14:42,384 [Worker-4] WARN  o.e.m.c.i.embedder.EclipseLogger - Using platform encoding (Cp1252 actually) to copy filtered resources, i.e. build is platform dependent!
2018-09-05 05:14:42,398 [Worker-4] INFO  o.e.m.c.i.embedder.EclipseLogger - Copying 5 resources
2018-09-05 05:14:42,431 [Worker-4] WARN  o.e.m.c.i.embedder.EclipseLogger - Using platform encoding (Cp1252 actually) to copy filtered resources, i.e. build is platform dependent!
2018-09-05 05:14:42,438 [Worker-4] INFO  o.e.m.c.i.embedder.EclipseLogger - skip non existing resourceDirectory C:\Users\My-pc\Desktop\shakthi sftware\delivery\src\test\resources
2018-09-05 05:14:43,993 [Worker-2] INFO  o.e.m.c.i.l.LifecycleMappingFactory - Using org.maven.ide.eclipse.wtp.WarLifecycleMapping lifecycle mapping for MavenProject: com.Shakthi:delivery:0.0.1-SNAPSHOT @ C:\Users\My-pc\Desktop\shakthi sftware\delivery\pom.xml.
2018-09-05 05:14:45,553 [Worker-4] WARN  o.e.m.c.i.embedder.EclipseLogger - Using platform encoding (Cp1252 actually) to copy filtered resources, i.e. build is platform dependent!
2018-09-05 05:14:45,579 [Worker-4] INFO  o.e.m.c.i.embedder.EclipseLogger - Copying 0 resource
2018-09-05 05:14:45,582 [Worker-4] WARN  o.e.m.c.i.embedder.EclipseLogger - Using platform encoding (Cp1252 actually) to copy filtered resources, i.e. build is platform dependent!
2018-09-05 05:14:45,591 [Worker-4] INFO  o.e.m.c.i.embedder.EclipseLogger - skip non existing resourceDirectory C:\Users\My-pc\Desktop\shakthi sftware\delivery\src\test\resources
2018-09-05 05:15:28,333 [Worker-9] WARN  o.e.m.c.i.embedder.EclipseLogger - Using platform encoding (Cp1252 actually) to copy filtered resources, i.e. build is platform dependent!
2018-09-05 05:15:28,361 [Worker-9] INFO  o.e.m.c.i.embedder.EclipseLogger - Copying 5 resources
2018-09-05 05:15:28,441 [Worker-9] WARN  o.e.m.c.i.embedder.EclipseLogger - Using platform encoding (Cp1252 actually) to copy filtered resources, i.e. build is platform dependent!
2018-09-05 05:15:28,449 [Worker-9] INFO  o.e.m.c.i.embedder.EclipseLogger - skip non existing resourceDirectory C:\Users\My-pc\Desktop\shakthi sftware\delivery\src\test\resources
2018-09-05 05:16:07,685 [Worker-3] WARN  o.e.m.c.i.embedder.EclipseLogger - Using platform encoding (Cp1252 actually) to copy filtered resources, i.e. build is platform dependent!
2018-09-05 05:16:07,702 [Worker-3] INFO  o.e.m.c.i.embedder.EclipseLogger - Copying 5 resources
2018-09-05 05:16:07,782 [Worker-3] WARN  o.e.m.c.i.embedder.EclipseLogger - Using platform encoding (Cp1252 actually) to copy filtered resources, i.e. build is platform dependent!
2018-09-05 05:16:07,798 [Worker-3] INFO  o.e.m.c.i.embedder.EclipseLogger - skip non existing resourceDirectory C:\Users\My-pc\Desktop\shakthi sftware\delivery\src\test\resources
2018-09-05 10:32:52,159 [Worker-0] INFO  c.g.t.t.d.PublishedGradleVersions - Gradle version information cache is up-to-date. Trying to read.
2018-09-05 10:33:25,811 [Worker-1] WARN  o.e.m.c.i.embedder.EclipseLogger - Using platform encoding (Cp1252 actually) to copy filtered resources, i.e. build is platform dependent!
2018-09-05 10:33:25,828 [Worker-1] INFO  o.e.m.c.i.embedder.EclipseLogger - Copying 5 resources
2018-09-05 10:33:25,856 [Worker-1] WARN  o.e.m.c.i.embedder.EclipseLogger - Using platform encoding (Cp1252 actually) to copy filtered resources, i.e. build is platform dependent!
2018-09-05 10:33:25,867 [Worker-1] INFO  o.e.m.c.i.embedder.EclipseLogger - skip non existing resourceDirectory C:\Users\My-pc\Desktop\shakthi sftware\delivery\src\test\resources
2018-09-05 10:54:39,563 [Worker-20] WARN  o.e.m.c.i.embedder.EclipseLogger - Using platform encoding (Cp1252 actually) to copy filtered resources, i.e. build is platform dependent!
2018-09-05 10:54:39,579 [Worker-20] INFO  o.e.m.c.i.embedder.EclipseLogger - Copying 0 resource
2018-09-05 10:54:39,594 [Worker-20] WARN  o.e.m.c.i.embedder.EclipseLogger - Using platform encoding (Cp1252 actually) to copy filtered resources, i.e. build is platform dependent!
2018-09-05 10:54:39,610 [Worker-20] INFO  o.e.m.c.i.embedder.EclipseLogger - skip non existing resourceDirectory C:\Users\My-pc\Desktop\shakthi sftware\delivery\src\test\resources
2018-09-05 11:29:06,991 [Worker-3] INFO  c.g.t.t.d.PublishedGradleVersions - Gradle version information cache is up-to-date. Trying to read.
2018-09-05 11:29:14,609 [Worker-10] WARN  o.e.m.c.i.embedder.EclipseLogger - Using platform encoding (Cp1252 actually) to copy filtered resources, i.e. build is platform dependent!
2018-09-05 11:29:14,635 [Worker-10] INFO  o.e.m.c.i.embedder.EclipseLogger - Copying 5 resources
2018-09-05 11:29:14,648 [Worker-10] WARN  o.e.m.c.i.embedder.EclipseLogger - Using platform encoding (Cp1252 actually) to copy filtered resources, i.e. build is platform dependent!
2018-09-05 11:29:14,664 [Worker-10] INFO  o.e.m.c.i.embedder.EclipseLogger - skip non existing resourceDirectory C:\Users\My-pc\Desktop\shakthi sftware\delivery\src\test\resources
2018-09-05 11:30:44,884 [Worker-3] INFO  o.e.m.c.i.l.LifecycleMappingFactory - Using org.maven.ide.eclipse.wtp.WarLifecycleMapping lifecycle mapping for MavenProject: com.Shakthi:delivery:0.0.1-SNAPSHOT @ C:\Users\My-pc\Desktop\shakthi hardware\delivery\pom.xml.
2018-09-05 11:30:44,884 [Worker-7] INFO  o.e.m.c.i.l.LifecycleMappingFactory - Using org.maven.ide.eclipse.wtp.WarLifecycleMapping lifecycle mapping for MavenProject: com.Shakthi:delivery:0.0.1-SNAPSHOT @ C:\Users\My-pc\Desktop\shakthi hardware\delivery\pom.xml.
2018-09-05 11:30:46,894 [Worker-7] WARN  o.e.m.c.i.embedder.EclipseLogger - Using platform encoding (Cp1252 actually) to copy filtered resources, i.e. build is platform dependent!
2018-09-05 11:30:46,958 [Worker-7] INFO  o.e.m.c.i.embedder.EclipseLogger - Copying 5 resources
2018-09-05 11:30:47,129 [Worker-7] WARN  o.e.m.c.i.embedder.EclipseLogger - Using platform encoding (Cp1252 actually) to copy filtered resources, i.e. build is platform dependent!
2018-09-05 11:30:47,159 [Worker-7] INFO  o.e.m.c.i.embedder.EclipseLogger - skip non existing resourceDirectory C:\Users\My-pc\Desktop\shakthi hardware\delivery\src\test\resources
2018-09-05 11:30:47,794 [Worker-1] WARN  o.e.m.c.i.embedder.EclipseLogger - Using platform encoding (Cp1252 actually) to copy filtered resources, i.e. build is platform dependent!
2018-09-05 11:30:47,816 [Worker-1] INFO  o.e.m.c.i.embedder.EclipseLogger - Copying 5 resources
2018-09-05 11:30:47,842 [Worker-1] WARN  o.e.m.c.i.embedder.EclipseLogger - Using platform encoding (Cp1252 actually) to copy filtered resources, i.e. build is platform dependent!
2018-09-05 11:30:47,870 [Worker-1] INFO  o.e.m.c.i.embedder.EclipseLogger - skip non existing resourceDirectory C:\Users\My-pc\Desktop\shakthi hardware\delivery\src\test\resources
2018-09-05 11:30:49,223 [Worker-16] INFO  o.e.m.c.i.l.LifecycleMappingFactory - Using org.maven.ide.eclipse.wtp.WarLifecycleMapping lifecycle mapping for MavenProject: com.Shakthi:delivery:0.0.1-SNAPSHOT @ C:\Users\My-pc\Desktop\shakthi hardware\delivery\pom.xml.
2018-09-05 11:30:51,692 [Worker-11] WARN  o.e.m.c.i.embedder.EclipseLogger - Using platform encoding (Cp1252 actually) to copy filtered resources, i.e. build is platform dependent!
2018-09-05 11:30:51,706 [Worker-11] INFO  o.e.m.c.i.embedder.EclipseLogger - Copying 0 resource
2018-09-05 11:30:51,708 [Worker-11] WARN  o.e.m.c.i.embedder.EclipseLogger - Using platform encoding (Cp1252 actually) to copy filtered resources, i.e. build is platform dependent!
2018-09-05 11:30:51,719 [Worker-11] INFO  o.e.m.c.i.embedder.EclipseLogger - skip non existing resourceDirectory C:\Users\My-pc\Desktop\shakthi hardware\delivery\src\test\resources
2018-09-05 11:35:05,064 [Worker-23] WARN  o.e.m.c.i.embedder.EclipseLogger - Using platform encoding (Cp1252 actually) to copy filtered resources, i.e. build is platform dependent!
2018-09-05 11:35:05,084 [Worker-23] INFO  o.e.m.c.i.embedder.EclipseLogger - Copying 5 resources
2018-09-05 11:35:05,112 [Worker-23] WARN  o.e.m.c.i.embedder.EclipseLogger - Using platform encoding (Cp1252 actually) to copy filtered resources, i.e. build is platform dependent!
2018-09-05 11:35:05,121 [Worker-23] INFO  o.e.m.c.i.embedder.EclipseLogger - skip non existing resourceDirectory C:\Users\My-pc\Desktop\shakthi hardware\delivery\src\test\resources
2018-09-05 11:35:22,302 [Worker-9] WARN  o.e.m.c.i.embedder.EclipseLogger - Using platform encoding (Cp1252 actually) to copy filtered resources, i.e. build is platform dependent!
2018-09-05 11:35:22,316 [Worker-9] INFO  o.e.m.c.i.embedder.EclipseLogger - Copying 5 resources
2018-09-05 11:35:22,325 [Worker-9] WARN  o.e.m.c.i.embedder.EclipseLogger - Using platform encoding (Cp1252 actually) to copy filtered resources, i.e. build is platform dependent!
2018-09-05 11:35:22,332 [Worker-9] INFO  o.e.m.c.i.embedder.EclipseLogger - skip non existing resourceDirectory C:\Users\My-pc\Desktop\shakthi hardware\delivery\src\test\resources
2018-09-05 11:35:53,414 [Worker-13] WARN  o.e.m.c.i.embedder.EclipseLogger - Using platform encoding (Cp1252 actually) to copy filtered resources, i.e. build is platform dependent!
2018-09-05 11:35:53,438 [Worker-13] INFO  o.e.m.c.i.embedder.EclipseLogger - Copying 5 resources
2018-09-05 11:35:53,453 [Worker-13] WARN  o.e.m.c.i.embedder.EclipseLogger - Using platform encoding (Cp1252 actually) to copy filtered resources, i.e. build is platform dependent!
2018-09-05 11:35:53,462 [Worker-13] INFO  o.e.m.c.i.embedder.EclipseLogger - skip non existing resourceDirectory C:\Users\My-pc\Desktop\shakthi hardware\delivery\src\test\resources
2018-09-05 11:36:15,061 [Worker-9] WARN  o.e.m.c.i.embedder.EclipseLogger - Using platform encoding (Cp1252 actually) to copy filtered resources, i.e. build is platform dependent!
2018-09-05 11:36:15,071 [Worker-9] INFO  o.e.m.c.i.embedder.EclipseLogger - Copying 5 resources
2018-09-05 11:36:15,078 [Worker-9] WARN  o.e.m.c.i.embedder.EclipseLogger - Using platform encoding (Cp1252 actually) to copy filtered resources, i.e. build is platform dependent!
2018-09-05 11:36:15,085 [Worker-9] INFO  o.e.m.c.i.embedder.EclipseLogger - skip non existing resourceDirectory C:\Users\My-pc\Desktop\shakthi hardware\delivery\src\test\resources
2018-09-05 11:39:12,701 [Worker-13] WARN  o.e.m.c.i.embedder.EclipseLogger - Using platform encoding (Cp1252 actually) to copy filtered resources, i.e. build is platform dependent!
2018-09-05 11:39:12,721 [Worker-13] INFO  o.e.m.c.i.embedder.EclipseLogger - Copying 5 resources
2018-09-05 11:39:12,736 [Worker-13] WARN  o.e.m.c.i.embedder.EclipseLogger - Using platform encoding (Cp1252 actually) to copy filtered resources, i.e. build is platform dependent!
2018-09-05 11:39:12,746 [Worker-13] INFO  o.e.m.c.i.embedder.EclipseLogger - skip non existing resourceDirectory C:\Users\My-pc\Desktop\shakthi hardware\delivery\src\test\resources
2018-09-05 12:01:32,017 [Worker-34] WARN  o.e.m.c.i.embedder.EclipseLogger - Using platform encoding (Cp1252 actually) to copy filtered resources, i.e. build is platform dependent!
2018-09-05 12:01:32,043 [Worker-34] INFO  o.e.m.c.i.embedder.EclipseLogger - Copying 5 resources
2018-09-05 12:01:32,050 [Worker-34] WARN  o.e.m.c.i.embedder.EclipseLogger - Using platform encoding (Cp1252 actually) to copy filtered resources, i.e. build is platform dependent!
2018-09-05 12:01:32,064 [Worker-34] INFO  o.e.m.c.i.embedder.EclipseLogger - skip non existing resourceDirectory C:\Users\My-pc\Desktop\shakthi hardware\delivery\src\test\resources
